
Showing logs for build [32mcb-kubecd-environment-pr-205-14-hlqs4-1[0m stage [32mfrom-build-pack[0m and container [32mstep-credential-initializer-v5qh8[0m
{"level":"info","ts":1587200102.8205547,"logger":"fallback-logger","caller":"logging/config.go:69","msg":"Fetch GitHub commit ID from kodata failed: open /var/run/ko/refs/heads/0.8.0-ns-support: no such file or directory"}
{"level":"info","ts":1587200102.8213193,"logger":"fallback-logger","caller":"creds-init/main.go:40","msg":"Credentials initialized."}

Showing logs for build [32mcb-kubecd-environment-pr-205-14-hlqs4-1[0m stage [32mfrom-build-pack[0m and container [32mstep-working-dir-initializer-zcll7[0m
{"level":"info","ts":1587200104.2464428,"logger":"fallback-logger","caller":"logging/config.go:69","msg":"Fetch GitHub commit ID from kodata failed: open /var/run/ko/HEAD: no such file or directory"}
{"level":"info","ts":1587200104.2481337,"logger":"fallback-logger","caller":"bash/main.go:64","msg":"Successfully executed command \"sh -c mkdir -p /workspace/source\"; output "}

Showing logs for build [32mcb-kubecd-environment-pr-205-14-hlqs4-1[0m stage [32mfrom-build-pack[0m and container [32mstep-place-tools[0m

Showing logs for build [32mcb-kubecd-environment-pr-205-14-hlqs4-1[0m stage [32mfrom-build-pack[0m and container [32mstep-git-source-cb-kubecd-environment-pr-205-14-hlqs4-czhjf[0m
{"level":"info","ts":1587200108.404541,"logger":"fallback-logger","caller":"logging/config.go:69","msg":"Fetch GitHub commit ID from kodata failed: open /var/run/ko/refs/heads/0.8.0-ns-support: no such file or directory"}
{"level":"info","ts":1587200109.4431071,"logger":"fallback-logger","caller":"git/git.go:103","msg":"Successfully cloned https://github.com/cb-kubecd/environment-pr-205-14-boot-vault-gke-production.git @ master in path /workspace/source"}

Showing logs for build [32mcb-kubecd-environment-pr-205-14-hlqs4-1[0m stage [32mfrom-build-pack[0m and container [32mstep-git-merge[0m
Using SHAs from PULL_REFS=master:00438497b421d7d24a7b2b916f496f1f09e362fb,1:e2b0199936d967cdb9d91dfd1066eb5f09419df1
DEBUG: LC_ALL=C JX_LOG_LEVEL=error git fetch origin --unshallow e2b0199936d967cdb9d91dfd1066eb5f09419df1: 00438497b421d7d24a7b2b916f496f1f09e362fb:
DEBUG: ran git fetch --unshallow origin e2b0199936d967cdb9d91dfd1066eb5f09419df1: 00438497b421d7d24a7b2b916f496f1f09e362fb: in 
DEBUG: LC_ALL=C JX_LOG_LEVEL=error git branch
DEBUG: JX_LOG_LEVEL=error LC_ALL=C git checkout master
DEBUG: ran git checkout master in 
DEBUG: LC_ALL=C JX_LOG_LEVEL=error git reset --hard 00438497b421d7d24a7b2b916f496f1f09e362fb
DEBUG: ran git reset --hard 00438497b421d7d24a7b2b916f496f1f09e362fb in 
DEBUG: LC_ALL=C JX_LOG_LEVEL=error git clean -fd .
DEBUG: ran clean --force -d . in 
DEBUG: LC_ALL=C JX_LOG_LEVEL=error git merge e2b0199936d967cdb9d91dfd1066eb5f09419df1
DEBUG: ran git merge e2b0199936d967cdb9d91dfd1066eb5f09419df1 in 
DEBUG: JX_LOG_LEVEL=error LC_ALL=C git log --format=%H%x1f%an%x1f%ae%x1f%cn%x1f%ce%x1f%s%n%b%x1e 00438497b421d7d24a7b2b916f496f1f09e362fb..HEAD
Merged SHA e2b0199936d967cdb9d91dfd1066eb5f09419df1 with commit message 'chore: Promote bdd-spring-1587198764 to version 0.0.1' into base branch master

Showing logs for build [32mcb-kubecd-environment-pr-205-14-hlqs4-1[0m stage [32mfrom-build-pack[0m and container [32mstep-build-helm-build[0m
WARNING: No $CHART_REPOSITORY defined so using the default value of: http://jenkins-x-chartmuseum:8080
Adding missing Helm repo: storage.googleapis.com https://storage.googleapis.com/chartmuseum.jenkins-x.io
WARNING: No secrets found on "helm/repos" due: reading the secret "helm/repos" from vault: no secret "helm/repos" not found in vault
Read credentials for https://storage.googleapis.com/chartmuseum.jenkins-x.io from vault helm/repos
Successfully added Helm repository storage.googleapis.com.
Adding missing Helm repo: jenkins-x-chartmuseum http://jenkins-x-chartmuseum:8080
WARNING: No secrets found on "helm/repos" due: reading the secret "helm/repos" from vault: no secret "helm/repos" not found in vault
Read credentials for http://jenkins-x-chartmuseum:8080 from vault helm/repos
Successfully added Helm repository jenkins-x-chartmuseum.
WARNING: No $CHART_REPOSITORY defined so using the default value of: http://jenkins-x-chartmuseum:8080
Adding missing Helm repo: chartmuseum.jenkins-x.io http://chartmuseum.jenkins-x.io
WARNING: No secrets found on "helm/repos" due: reading the secret "helm/repos" from vault: no secret "helm/repos" not found in vault
Read credentials for http://chartmuseum.jenkins-x.io from vault helm/repos
Successfully added Helm repository chartmuseum.jenkins-x.io.
